info it worked if it ends with ok
verbose cli [ 'node', '/usr/bin/npm', 'test' ]
info using npm@1.1.4
info using node@v0.6.12
verbose config file /home/kp/.npmrc
verbose config file /usr/etc/npmrc
verbose config file /usr/share/npm/npmrc
verbose caching /home/kp/Dropbox/Studia/5 sem - 14.15zima/RubyOnRails/coffeescript-koans/package.json
verbose loadDefaults coffeescript-koans@1.1.0
verbose run-script [ 'pretest', 'test', 'posttest' ]
info pretest coffeescript-koans@1.1.0
info test coffeescript-koans@1.1.0
verbose unsafe-perm in lifecycle true
silly exec sh "-c" "mocha --compilers coffee:coffee-script/register -R spec completed-koans/*.coffee"
silly spawning [ 'sh',
silly spawning   [ '-c',
silly spawning     'mocha --compilers coffee:coffee-script/register -R spec completed-koans/*.coffee' ],
silly spawning   '/home/kp/Dropbox/Studia/5 sem - 14.15zima/RubyOnRails/coffeescript-koans' ]
info coffeescript-koans@1.1.0 Failed to exec test script
ERR! coffeescript-koans@1.1.0 test: `mocha --compilers coffee:coffee-script/register -R spec completed-koans/*.coffee`
ERR! `sh "-c" "mocha --compilers coffee:coffee-script/register -R spec completed-koans/*.coffee"` failed with 1
ERR! 
ERR! Failed at the coffeescript-koans@1.1.0 test script.
ERR! This is most likely a problem with the coffeescript-koans package,
ERR! not with npm itself.
ERR! Tell the author that this fails on your system:
ERR!     mocha --compilers coffee:coffee-script/register -R spec completed-koans/*.coffee
ERR! You can get their info via:
ERR!     npm owner ls coffeescript-koans
ERR! There is likely additional logging output above.
ERR! 
ERR! System Linux 3.13.0-39-generic
ERR! command "node" "/usr/bin/npm" "test"
ERR! cwd /home/kp/Dropbox/Studia/5 sem - 14.15zima/RubyOnRails/coffeescript-koans
ERR! node -v v0.6.12
ERR! npm -v 1.1.4
ERR! code ELIFECYCLE
ERR! message coffeescript-koans@1.1.0 test: `mocha --compilers coffee:coffee-script/register -R spec completed-koans/*.coffee`
ERR! message `sh "-c" "mocha --compilers coffee:coffee-script/register -R spec completed-koans/*.coffee"` failed with 1
ERR! errno {}
verbose exit [ 1, true ]
